<?xml version="1.0" encoding="UTF-8"?>
<coverage generated="1628104551129" clover="3.2.0">
  <project timestamp="1628104551129" name="All files">
    <metrics statements="12" coveredstatements="12" conditionals="0" coveredconditionals="0" methods="5" coveredmethods="5" elements="17" coveredelements="17" complexity="0" loc="12" ncloc="12" packages="2" files="2" classes="2"/>
    <package name="component.Header">
      <metrics statements="3" coveredstatements="3" conditionals="0" coveredconditionals="0" methods="1" coveredmethods="1"/>
      <file name="Header.tsx" path="C:\Users\Matt\Desktop\Project 3 FE\frontend\src\component\Header\Header.tsx">
        <metrics statements="3" coveredstatements="3" conditionals="0" coveredconditionals="0" methods="1" coveredmethods="1"/>
        <line num="4" count="2" type="stmt"/>
        <line num="5" count="2" type="stmt"/>
        <line num="18" count="2" type="stmt"/>
      </file>
    </package>
    <package name="screens.Batches">
      <metrics statements="9" coveredstatements="9" conditionals="0" coveredconditionals="0" methods="4" coveredmethods="4"/>
      <file name="Batches.tsx" path="C:\Users\Matt\Desktop\Project 3 FE\frontend\src\screens\Batches\Batches.tsx">
        <metrics statements="9" coveredstatements="9" conditionals="0" coveredconditionals="0" methods="4" coveredmethods="4"/>
        <line num="13" count="1" type="stmt"/>
        <line num="40" count="1" type="stmt"/>
        <line num="42" count="1" type="stmt"/>
        <line num="43" count="1" type="stmt"/>
        <line num="60" count="1" type="stmt"/>
        <line num="61" count="3" type="stmt"/>
        <line num="73" count="1" type="stmt"/>
        <line num="81" count="3" type="stmt"/>
        <line num="88" count="1" type="stmt"/>
      </file>
    </package>
  </project>
</coverage>
