{"C:\\Users\\Matt\\Desktop\\Project 3 FE\\frontend\\src\\component\\Header\\Header.tsx": {"path":"C:\\Users\\Matt\\Desktop\\Project 3 FE\\frontend\\src\\component\\Header\\Header.tsx","statementMap":{"0":{"start":{"line":4,"column":25},"end":{"line":16,"column":1}},"1":{"start":{"line":5,"column":2},"end":{"line":15,"column":4}},"2":{"start":{"line":18,"column":15},"end":{"line":39,"column":2}}},"fnMap":{"0":{"name":"(anonymous_0)","decl":{"start":{"line":4,"column":25},"end":{"line":4,"column":26}},"loc":{"start":{"line":4,"column":31},"end":{"line":16,"column":1}},"line":4}},"branchMap":{},"s":{"0":2,"1":2,"2":2},"f":{"0":2},"b":{},"_coverageSchema":"1a1c01bbd47fc00a2c39e90264f33305004495a9","hash":"ed1ca8791921b7f4fec40e082a6800494886194c"}
,"C:\\Users\\Matt\\Desktop\\Project 3 FE\\frontend\\src\\screens\\Batches\\Batches.tsx": {"path":"C:\\Users\\Matt\\Desktop\\Project 3 FE\\frontend\\src\\screens\\Batches\\Batches.tsx","statementMap":{"0":{"start":{"line":13,"column":20},"end":{"line":38,"column":1}},"1":{"start":{"line":40,"column":26},"end":{"line":86,"column":1}},"2":{"start":{"line":42,"column":30},"end":{"line":57,"column":3}},"3":{"start":{"line":43,"column":4},"end":{"line":56,"column":6}},"4":{"start":{"line":60,"column":21},"end":{"line":70,"column":3}},"5":{"start":{"line":61,"column":4},"end":{"line":69,"column":6}},"6":{"start":{"line":73,"column":2},"end":{"line":85,"column":4}},"7":{"start":{"line":81,"column":32},"end":{"line":81,"column":47}},"8":{"start":{"line":88,"column":15},"end":{"line":172,"column":2}}},"fnMap":{"0":{"name":"(anonymous_0)","decl":{"start":{"line":40,"column":26},"end":{"line":40,"column":27}},"loc":{"start":{"line":40,"column":32},"end":{"line":86,"column":1}},"line":40},"1":{"name":"(anonymous_1)","decl":{"start":{"line":42,"column":30},"end":{"line":42,"column":31}},"loc":{"start":{"line":42,"column":36},"end":{"line":57,"column":3}},"line":42},"2":{"name":"(anonymous_2)","decl":{"start":{"line":60,"column":21},"end":{"line":60,"column":22}},"loc":{"start":{"line":60,"column":50},"end":{"line":70,"column":3}},"line":60},"3":{"name":"(anonymous_3)","decl":{"start":{"line":81,"column":22},"end":{"line":81,"column":23}},"loc":{"start":{"line":81,"column":32},"end":{"line":81,"column":47}},"line":81}},"branchMap":{},"s":{"0":1,"1":1,"2":1,"3":1,"4":1,"5":3,"6":1,"7":3,"8":1},"f":{"0":1,"1":1,"2":3,"3":3},"b":{},"_coverageSchema":"1a1c01bbd47fc00a2c39e90264f33305004495a9","hash":"962b8b7daa0f2df6f6932eae989724987ee8e6ef"}
}
