{"C:\\Users\\Bigmo\\Revature\\Perfect-Personnel-Placement\\frontend\\src\\component\\Header\\Header.tsx": {"path":"C:\\Users\\Bigmo\\Revature\\Perfect-Personnel-Placement\\frontend\\src\\component\\Header\\Header.tsx","statementMap":{"0":{"start":{"line":4,"column":25},"end":{"line":16,"column":1}},"1":{"start":{"line":5,"column":2},"end":{"line":15,"column":4}},"2":{"start":{"line":18,"column":15},"end":{"line":39,"column":2}}},"fnMap":{"0":{"name":"(anonymous_0)","decl":{"start":{"line":4,"column":25},"end":{"line":4,"column":26}},"loc":{"start":{"line":4,"column":31},"end":{"line":16,"column":1}},"line":4}},"branchMap":{},"s":{"0":0,"1":0,"2":0},"f":{"0":0},"b":{}}
}
