TN:
SF:src\screens\Batches\Batches.tsx
FN:43,(anonymous_0)
FN:45,(anonymous_1)
FN:67,(anonymous_2)
FN:83,(anonymous_3)
FN:106,(anonymous_4)
FN:110,(anonymous_5)
FN:112,(anonymous_6)
FN:116,(anonymous_7)
FNF:8
FNH:0
FNDA:0,(anonymous_0)
FNDA:0,(anonymous_1)
FNDA:0,(anonymous_2)
FNDA:0,(anonymous_3)
FNDA:0,(anonymous_4)
FNDA:0,(anonymous_5)
FNDA:0,(anonymous_6)
FNDA:0,(anonymous_7)
DA:16,0
DA:43,0
DA:44,0
DA:45,0
DA:46,0
DA:68,0
DA:83,0
DA:84,0
DA:97,0
DA:107,0
DA:110,0
DA:112,0
DA:116,0
DA:123,0
LF:14
LH:0
BRDA:104,0,0,0
BRDA:104,0,1,0
BRDA:107,1,0,0
BRDA:107,1,1,0
BRDA:109,2,0,0
BRDA:109,2,1,0
BRDA:111,3,0,0
BRDA:111,3,1,0
BRF:8
BRH:0
end_of_record
